#
# A fatal error has been detected by the Java Runtime Environment:
#
#  Internal Error (classFileParser.cpp:3494), pid=1784, tid=1008
#  Error: ShouldNotReachHere()
#
# JRE version: 6.0_26-b03
# Java VM: Java HotSpot(TM) Client VM (20.1-b02 mixed mode windows-x86 )
# If you would like to submit a bug report, please visit:
#   http://java.sun.com/webapps/bugreport/crash.jsp
#

---------------  T H R E A D  ---------------

Current thread (0x01849800):  JavaThread "Unknown thread" [_thread_in_vm, id=1008, stack(0x00130000,0x00180000)]

Stack: [0x00130000,0x00180000],  sp=0x0017f86c,  free space=318k
Native frames: (J=compiled Java code, j=interpreted, Vv=VM code, C=native code)
V  [jvm.dll+0x13379a]
V  [jvm.dll+0x12e6fb]
V  [jvm.dll+0x163fe]
V  [jvm.dll+0x17c1f]
V  [jvm.dll+0x26cc5]
V  [jvm.dll+0x27506]
V  [jvm.dll+0x278b5]
V  [jvm.dll+0x27949]
V  [jvm.dll+0x27a0c]
V  [jvm.dll+0x27a8a]
V  [jvm.dll+0x27b6d]
V  [jvm.dll+0x27e39]
V  [jvm.dll+0x6c523]
V  [jvm.dll+0x6c8fc]
V  [jvm.dll+0xf9d5c]
V  [jvm.dll+0x11864b]
V  [jvm.dll+0x9ec30]
C  [javaw.exe+0x1657]
C  [javaw.exe+0x1e2c]
C  [javaw.exe+0x8644]
C  [kernel32.dll+0x4ed6c]  BaseThreadInitThunk+0x12
C  [ntdll.dll+0x637f5]  RtlInitializeExceptionChain+0xef
C  [ntdll.dll+0x637c8]  RtlInitializeExceptionChain+0xc2


---------------  P R O C E S S  ---------------

Java Threads: ( => current thread )

Other Threads:

=>0x01849800 (exited) JavaThread "Unknown thread" [_thread_in_vm, id=1008, stack(0x00130000,0x00180000)]

VM state:not at safepoint (not fully initialized)

VM Mutex/Monitor currently owned by a thread: None

Dynamic libraries:
0x00400000 - 0x00424000 	C:\Program Files\Java\jre6\bin\javaw.exe
0x774a0000 - 0x775dc000 	C:\Windows\SYSTEM32\ntdll.dll
0x755d0000 - 0x756a4000 	C:\Windows\system32\kernel32.dll
0x75010000 - 0x7505a000 	C:\Windows\system32\KERNELBASE.dll
0x76c60000 - 0x76d00000 	C:\Windows\system32\ADVAPI32.dll
0x752f0000 - 0x7539c000 	C:\Windows\system32\msvcrt.dll
0x75270000 - 0x75289000 	C:\Windows\SYSTEM32\sechost.dll
0x75c70000 - 0x75d11000 	C:\Windows\system32\RPCRT4.dll
0x75ba0000 - 0x75c69000 	C:\Windows\system32\USER32.dll
0x756b0000 - 0x756fe000 	C:\Windows\system32\GDI32.dll
0x75af0000 - 0x75afa000 	C:\Windows\system32\LPK.dll
0x75b00000 - 0x75b9d000 	C:\Windows\system32\USP10.dll
0x75140000 - 0x7515f000 	C:\Windows\system32\IMM32.DLL
0x75d90000 - 0x75e5c000 	C:\Windows\system32\MSCTF.dll
0x7c340000 - 0x7c396000 	C:\Program Files\Java\jre6\bin\msvcr71.dll
0x6d7f0000 - 0x6da9f000 	C:\Program Files\Java\jre6\bin\client\jvm.dll
0x71930000 - 0x71962000 	C:\Windows\system32\WINMM.dll
0x74d70000 - 0x74dbc000 	C:\Windows\system32\apphelp.dll
0x6d7a0000 - 0x6d7ac000 	C:\Program Files\Java\jre6\bin\verify.dll
0x6d320000 - 0x6d33f000 	C:\Program Files\Java\jre6\bin\java.dll
0x75d20000 - 0x75d25000 	C:\Windows\system32\PSAPI.DLL
0x6d7e0000 - 0x6d7ef000 	C:\Program Files\Java\jre6\bin\zip.dll

VM Arguments:
jvm_args: -Dfile.encoding=Cp1252 -Xbootclasspath:I:\BackUps\Programming Stuffs\Android\android-sdk\platforms\android-10\android.jar 
java_command: com.hogwart.grewordlist.adapter.impl.WordListAdapterImpl
Launcher Type: SUN_STANDARD

Environment Variables:
JAVA_HOME=C:\Program Files\Java\jdk1.6.0
PATH=C:/Program Files/Java/jre6/bin/client;C:/Program Files/Java/jre6/bin;C:/Program Files/Java/jre6/lib/i386;C:\Windows\system32;C:\Windows;C:\Windows\System32\Wbem;C:\Windows\System32\WindowsPowerShell\v1.0\;D:\Libraries\apache-ant-1.8.0\bin;D:\Libraries\apache-maven-2.2.1\bin;C:\Program Files\Java\jdk1.6.0\bin;D:\Libraries\scala-2.9.1.final\bin;D:\Octave\3.2.4_gcc-4.4.0\bin;C:\Program Files\TortoiseHg\;C:\Program Files\TortoiseSVN\bin;I:\BackUps\Programming Stuffs\Tools\eclipse-jee-indigo-win32\eclipse;
USERNAME=Voldemort
OS=Windows_NT
PROCESSOR_IDENTIFIER=x86 Family 6 Model 23 Stepping 10, GenuineIntel



---------------  S Y S T E M  ---------------

OS: Windows 7 Build 7601 Service Pack 1

CPU:total 2 (2 cores per cpu, 1 threads per core) family 6 model 23 stepping 10, cmov, cx8, fxsr, mmx, sse, sse2, sse3, ssse3

Memory: 4k page, physical 2024376k(856480k free), swap 4048752k(2352428k free)

vm_info: Java HotSpot(TM) Client VM (20.1-b02) for windows-x86 JRE (1.6.0_26-b03), built on May  4 2011 00:50:59 by "java_re" with MS VC++ 7.1 (VS2003)

time: Sun Feb 12 19:00:16 2012
elapsed time: 0 seconds

